[debug] [2025-12-30T20:57:29.763Z] ----------------------------------------------------------------------
[debug] [2025-12-30T20:57:29.766Z] Command:       /Users/arunsaragadam/.nvm/versions/node/v22.17.1/bin/node /usr/local/bin/firebase functions:list --debug
[debug] [2025-12-30T20:57:29.766Z] CLI Version:   14.15.1
[debug] [2025-12-30T20:57:29.766Z] Platform:      darwin
[debug] [2025-12-30T20:57:29.766Z] Node Version:  v22.17.1
[debug] [2025-12-30T20:57:29.767Z] Time:          Tue Dec 30 2025 20:57:29 GMT+0000 (Greenwich Mean Time)
[debug] [2025-12-30T20:57:29.767Z] ----------------------------------------------------------------------
[debug] 
[debug] [2025-12-30T20:57:29.934Z] > command requires scopes: ["email","openid","https://www.googleapis.com/auth/cloudplatformprojects.readonly","https://www.googleapis.com/auth/firebase","https://www.googleapis.com/auth/cloud-platform"]
[debug] [2025-12-30T20:57:29.935Z] > authorizing via signed-in user (arun@elloloop.com)
[debug] [2025-12-30T20:57:29.935Z] [iam] checking project learnloop-3813b for permissions ["cloudfunctions.functions.list","firebase.projects.get"]
[debug] [2025-12-30T20:57:29.936Z] Checked if tokens are valid: true, expires at: 1767131708582
[debug] [2025-12-30T20:57:29.936Z] Checked if tokens are valid: true, expires at: 1767131708582
[debug] [2025-12-30T20:57:29.937Z] >>> [apiv2][query] POST https://cloudresourcemanager.googleapis.com/v1/projects/learnloop-3813b:testIamPermissions [none]
[debug] [2025-12-30T20:57:29.937Z] >>> [apiv2][(partial)header] POST https://cloudresourcemanager.googleapis.com/v1/projects/learnloop-3813b:testIamPermissions x-goog-quota-user=projects/learnloop-3813b
[debug] [2025-12-30T20:57:29.937Z] >>> [apiv2][body] POST https://cloudresourcemanager.googleapis.com/v1/projects/learnloop-3813b:testIamPermissions {"permissions":["cloudfunctions.functions.list","firebase.projects.get"]}
[debug] [2025-12-30T20:57:30.575Z] <<< [apiv2][status] POST https://cloudresourcemanager.googleapis.com/v1/projects/learnloop-3813b:testIamPermissions 200
[debug] [2025-12-30T20:57:30.575Z] <<< [apiv2][body] POST https://cloudresourcemanager.googleapis.com/v1/projects/learnloop-3813b:testIamPermissions {"permissions":["cloudfunctions.functions.list","firebase.projects.get"]}
[debug] [2025-12-30T20:57:30.576Z] Checked if tokens are valid: true, expires at: 1767131708582
[debug] [2025-12-30T20:57:30.576Z] Checked if tokens are valid: true, expires at: 1767131708582
[debug] [2025-12-30T20:57:30.576Z] >>> [apiv2][query] GET https://cloudfunctions.googleapis.com/v1/projects/learnloop-3813b/locations/-/functions [none]
[debug] [2025-12-30T20:57:30.630Z] <<< [apiv2][status] GET https://cloudfunctions.googleapis.com/v1/projects/learnloop-3813b/locations/-/functions 403
[debug] [2025-12-30T20:57:30.630Z] <<< [apiv2][body] GET https://cloudfunctions.googleapis.com/v1/projects/learnloop-3813b/locations/-/functions {"error":{"code":403,"message":"Cloud Functions API has not been used in project learnloop-3813b before or it is disabled. Enable it by visiting https://console.developers.google.com/apis/api/cloudfunctions.googleapis.com/overview?project=learnloop-3813b then retry. If you enabled this API recently, wait a few minutes for the action to propagate to our systems and retry.","status":"PERMISSION_DENIED","details":[{"@type":"type.googleapis.com/google.rpc.ErrorInfo","reason":"SERVICE_DISABLED","domain":"googleapis.com","metadata":{"activationUrl":"https://console.developers.google.com/apis/api/cloudfunctions.googleapis.com/overview?project=learnloop-3813b","service":"cloudfunctions.googleapis.com","consumer":"projects/learnloop-3813b","serviceTitle":"Cloud Functions API","containerInfo":"learnloop-3813b"}},{"@type":"type.googleapis.com/google.rpc.LocalizedMessage","locale":"en-US","message":"Cloud Functions API has not been used in project learnloop-3813b before or it is disabled. Enable it by visiting https://console.developers.google.com/apis/api/cloudfunctions.googleapis.com/overview?project=learnloop-3813b then retry. If you enabled this API recently, wait a few minutes for the action to propagate to our systems and retry."},{"@type":"type.googleapis.com/google.rpc.Help","links":[{"description":"Google developers console API activation","url":"https://console.developers.google.com/apis/api/cloudfunctions.googleapis.com/overview?project=learnloop-3813b"}]}]}}
[debug] [2025-12-30T20:57:30.630Z] [functions] failed to list functions for learnloop-3813b
[debug] [2025-12-30T20:57:30.631Z] [functions] Request to https://cloudfunctions.googleapis.com/v1/projects/learnloop-3813b/locations/-/functions had HTTP Error: 403, Cloud Functions API has not been used in project learnloop-3813b before or it is disabled. Enable it by visiting https://console.developers.google.com/apis/api/cloudfunctions.googleapis.com/overview?project=learnloop-3813b then retry. If you enabled this API recently, wait a few minutes for the action to propagate to our systems and retry.
[debug] [2025-12-30T20:57:30.631Z] FirebaseError: Request to https://cloudfunctions.googleapis.com/v1/projects/learnloop-3813b/locations/-/functions had HTTP Error: 403, Cloud Functions API has not been used in project learnloop-3813b before or it is disabled. Enable it by visiting https://console.developers.google.com/apis/api/cloudfunctions.googleapis.com/overview?project=learnloop-3813b then retry. If you enabled this API recently, wait a few minutes for the action to propagate to our systems and retry.
    at responseToError (/usr/local/lib/node_modules/firebase-tools/lib/responseToError.js:52:12)
    at RetryOperation._fn (/usr/local/lib/node_modules/firebase-tools/lib/apiv2.js:312:77)
    at process.processTicksAndRejections (node:internal/process/task_queues:105:5)
[error] 
[error] Error: Failed to list functions for learnloop-3813b
